<?xml version="1.0" encoding="UTF-8"?>
<!-- Generated by org.testng.reporters.JUnitReportReporter -->
<testsuite hostname="DESKTOP-42AMLUI" failures="0" tests="1" name="com.qa.test.Tc_edurekha" time="0.061" errors="0" timestamp="2021-06-21T11:56:16 IST" skipped="0">
  <testcase classname="com.qa.test.Tc_edurekha" name="searchCourse" time="0.061"/>
  <system-out/>
</testsuite> <!-- com.qa.test.Tc_edurekha -->
