<?xml version="1.0" encoding="UTF-8"?>
<!-- Generated by org.testng.reporters.JUnitReportReporter -->
<testsuite hostname="DESKTOP-42AMLUI" failures="0" tests="1" name="com.qa.test.Tc_Alibaba1" time="0.420" errors="0" timestamp="2021-06-25T14:05:34 IST" skipped="0">
  <testcase classname="com.qa.test.Tc_Alibaba1" name="footerlink" time="0.420"/>
  <system-out>
    <![CDATA[Customer Services
Help Center
Contact Us
Report Abuse
Submit a Dispute
Policies & Rules
Get Paid for Your Feedback
About Us
About Alibaba.com
About Alibaba Group
Sitemap
Source on Alibaba.com
Resources
All Categories
Request for Quotation
Ready to Ship
Buyer Partners
Sell on Alibaba.com
Supplier Memberships
Learning Center
Partner Program
Trade Services
Trade Assurance
Business Identity
Logistics Service
Production Monitoring & Inspection Services
Letter of Credit
Available on the App Store Available on Android

Facebook Twitter Youtube In
]]>
  </system-out>
</testsuite> <!-- com.qa.test.Tc_Alibaba1 -->
