<?xml version="1.0" encoding="UTF-8"?>
<!-- Generated by org.testng.reporters.JUnitReportReporter -->
<testsuite skipped="0" hostname="DESKTOP-42AMLUI" name="com.qa.test.Tc_Alibaba1" tests="1" failures="0" timestamp="2021-06-27T14:54:51 IST" time="1.161" errors="0">
  <testcase name="footerlink" time="1.161" classname="com.qa.test.Tc_Alibaba1"/>
  <system-out>
Customer Services
Help Center
Contact Us
Report Abuse
Submit a Dispute
Policies & Rules
Get Paid for Your Feedback About Us
About Alibaba.com
About Alibaba Group
Sitemap Source on Alibaba.com
Resources
All Categories
Request for Quotation
Ready to Ship
Buyer Partners Sell on Alibaba.com
Supplier Memberships
Learning Center
Partner Program Trade Services
Trade Assurance
Business Identity
Logistics Service
Production Monitoring & Inspection Services
Letter of Credit Available on the App Store Available on Android  Facebook Twitter Youtube In   </system-out>
</testsuite> <!-- com.qa.test.Tc_Alibaba1 -->
